<?xml version="1.0" encoding="UTF-8"?>
<testsuite name="CoinComboTest" tests="2" skipped="0" failures="0" errors="0" timestamp="2015-08-13T22:05:17" hostname="epicodus-113.local" time="0.0">
  <properties/>
  <testcase name="InputStringOutputsAString_istrue" classname="CoinComboTest" time="0.0"/>
  <testcase name="InputStringHasCorrectOutput_istrue" classname="CoinComboTest" time="0.0"/>
  <system-out><![CDATA[]]></system-out>
  <system-err><![CDATA[]]></system-err>
</testsuite>
